Linked: (/home/eduponz/RobotProgramming/devel/.private/nodes_pkg/share/common-lisp/ros/nodes_pkg/msg/_package_PointStamped.lisp, /home/eduponz/RobotProgramming/devel/share/common-lisp/ros/nodes_pkg/msg/_package_PointStamped.lisp)
Linked: (/home/eduponz/RobotProgramming/devel/.private/nodes_pkg/share/common-lisp/ros/nodes_pkg/msg/nodes_pkg-msg.asd, /home/eduponz/RobotProgramming/devel/share/common-lisp/ros/nodes_pkg/msg/nodes_pkg-msg.asd)
Linked: (/home/eduponz/RobotProgramming/devel/.private/nodes_pkg/share/common-lisp/ros/nodes_pkg/msg/Point.lisp, /home/eduponz/RobotProgramming/devel/share/common-lisp/ros/nodes_pkg/msg/Point.lisp)
Linked: (/home/eduponz/RobotProgramming/devel/.private/nodes_pkg/share/common-lisp/ros/nodes_pkg/msg/PointStamped.lisp, /home/eduponz/RobotProgramming/devel/share/common-lisp/ros/nodes_pkg/msg/PointStamped.lisp)
Linked: (/home/eduponz/RobotProgramming/devel/.private/nodes_pkg/share/common-lisp/ros/nodes_pkg/msg/_package.lisp, /home/eduponz/RobotProgramming/devel/share/common-lisp/ros/nodes_pkg/msg/_package.lisp)
Linked: (/home/eduponz/RobotProgramming/devel/.private/nodes_pkg/share/common-lisp/ros/nodes_pkg/msg/_package_Point.lisp, /home/eduponz/RobotProgramming/devel/share/common-lisp/ros/nodes_pkg/msg/_package_Point.lisp)
Linked: (/home/eduponz/RobotProgramming/devel/.private/nodes_pkg/share/nodes_pkg/cmake/nodes_pkgConfig.cmake, /home/eduponz/RobotProgramming/devel/share/nodes_pkg/cmake/nodes_pkgConfig.cmake)
Linked: (/home/eduponz/RobotProgramming/devel/.private/nodes_pkg/share/nodes_pkg/cmake/nodes_pkg-msg-paths.cmake, /home/eduponz/RobotProgramming/devel/share/nodes_pkg/cmake/nodes_pkg-msg-paths.cmake)
Linked: (/home/eduponz/RobotProgramming/devel/.private/nodes_pkg/share/nodes_pkg/cmake/nodes_pkg-msg-extras.cmake, /home/eduponz/RobotProgramming/devel/share/nodes_pkg/cmake/nodes_pkg-msg-extras.cmake)
Linked: (/home/eduponz/RobotProgramming/devel/.private/nodes_pkg/share/nodes_pkg/cmake/nodes_pkgConfig-version.cmake, /home/eduponz/RobotProgramming/devel/share/nodes_pkg/cmake/nodes_pkgConfig-version.cmake)
Linked: (/home/eduponz/RobotProgramming/devel/.private/nodes_pkg/share/gennodejs/ros/nodes_pkg/find.js, /home/eduponz/RobotProgramming/devel/share/gennodejs/ros/nodes_pkg/find.js)
Linked: (/home/eduponz/RobotProgramming/devel/.private/nodes_pkg/share/gennodejs/ros/nodes_pkg/base_deserialize.js, /home/eduponz/RobotProgramming/devel/share/gennodejs/ros/nodes_pkg/base_deserialize.js)
Linked: (/home/eduponz/RobotProgramming/devel/.private/nodes_pkg/share/gennodejs/ros/nodes_pkg/_index.js, /home/eduponz/RobotProgramming/devel/share/gennodejs/ros/nodes_pkg/_index.js)
Linked: (/home/eduponz/RobotProgramming/devel/.private/nodes_pkg/share/gennodejs/ros/nodes_pkg/base_serialize.js, /home/eduponz/RobotProgramming/devel/share/gennodejs/ros/nodes_pkg/base_serialize.js)
Linked: (/home/eduponz/RobotProgramming/devel/.private/nodes_pkg/share/gennodejs/ros/nodes_pkg/msg/_index.js, /home/eduponz/RobotProgramming/devel/share/gennodejs/ros/nodes_pkg/msg/_index.js)
Linked: (/home/eduponz/RobotProgramming/devel/.private/nodes_pkg/share/gennodejs/ros/nodes_pkg/msg/PointStamped.js, /home/eduponz/RobotProgramming/devel/share/gennodejs/ros/nodes_pkg/msg/PointStamped.js)
Linked: (/home/eduponz/RobotProgramming/devel/.private/nodes_pkg/share/gennodejs/ros/nodes_pkg/msg/Point.js, /home/eduponz/RobotProgramming/devel/share/gennodejs/ros/nodes_pkg/msg/Point.js)
Linked: (/home/eduponz/RobotProgramming/devel/.private/nodes_pkg/share/roseus/ros/nodes_pkg/manifest.l, /home/eduponz/RobotProgramming/devel/share/roseus/ros/nodes_pkg/manifest.l)
Linked: (/home/eduponz/RobotProgramming/devel/.private/nodes_pkg/share/roseus/ros/nodes_pkg/msg/PointStamped.l, /home/eduponz/RobotProgramming/devel/share/roseus/ros/nodes_pkg/msg/PointStamped.l)
Linked: (/home/eduponz/RobotProgramming/devel/.private/nodes_pkg/share/roseus/ros/nodes_pkg/msg/Point.l, /home/eduponz/RobotProgramming/devel/share/roseus/ros/nodes_pkg/msg/Point.l)
Linked: (/home/eduponz/RobotProgramming/devel/.private/nodes_pkg/lib/pkgconfig/nodes_pkg.pc, /home/eduponz/RobotProgramming/devel/lib/pkgconfig/nodes_pkg.pc)
Linked: (/home/eduponz/RobotProgramming/devel/.private/nodes_pkg/lib/nodes_pkg/interface, /home/eduponz/RobotProgramming/devel/lib/nodes_pkg/interface)
Linked: (/home/eduponz/RobotProgramming/devel/.private/nodes_pkg/lib/nodes_pkg/lognode, /home/eduponz/RobotProgramming/devel/lib/nodes_pkg/lognode)
Linked: (/home/eduponz/RobotProgramming/devel/.private/nodes_pkg/lib/python2.7/dist-packages/nodes_pkg/__init__.py, /home/eduponz/RobotProgramming/devel/lib/python2.7/dist-packages/nodes_pkg/__init__.py)
Linked: (/home/eduponz/RobotProgramming/devel/.private/nodes_pkg/lib/python2.7/dist-packages/nodes_pkg/msg/__init__.py, /home/eduponz/RobotProgramming/devel/lib/python2.7/dist-packages/nodes_pkg/msg/__init__.py)
Linked: (/home/eduponz/RobotProgramming/devel/.private/nodes_pkg/lib/python2.7/dist-packages/nodes_pkg/msg/_PointStamped.py, /home/eduponz/RobotProgramming/devel/lib/python2.7/dist-packages/nodes_pkg/msg/_PointStamped.py)
Linked: (/home/eduponz/RobotProgramming/devel/.private/nodes_pkg/lib/python2.7/dist-packages/nodes_pkg/msg/_Point.py, /home/eduponz/RobotProgramming/devel/lib/python2.7/dist-packages/nodes_pkg/msg/_Point.py)
Linked: (/home/eduponz/RobotProgramming/devel/.private/nodes_pkg/include/nodes_pkg/Point.h, /home/eduponz/RobotProgramming/devel/include/nodes_pkg/Point.h)
Linked: (/home/eduponz/RobotProgramming/devel/.private/nodes_pkg/include/nodes_pkg/PointStamped.h, /home/eduponz/RobotProgramming/devel/include/nodes_pkg/PointStamped.h)
