[  0%] Built target std_msgs_generate_messages_py
[  0%] Built target geometry_msgs_generate_messages_py
[  0%] Built target _nodes_pkg_generate_messages_check_deps_Point
[  0%] Built target geometry_msgs_generate_messages_nodejs
[  0%] Built target _nodes_pkg_generate_messages_check_deps_PointStamped
[  0%] Built target std_msgs_generate_messages_nodejs
[  0%] Built target geometry_msgs_generate_messages_cpp
[  0%] Built target std_msgs_generate_messages_cpp
[  0%] Built target std_msgs_generate_messages_lisp
[  0%] Built target geometry_msgs_generate_messages_lisp
[  0%] Built target geometry_msgs_generate_messages_eus
[  0%] Built target std_msgs_generate_messages_eus
[ 18%] Built target nodes_pkg_generate_messages_py
[ 31%] Built target nodes_pkg_generate_messages_nodejs
[ 43%] Built target nodes_pkg_generate_messages_cpp
[ 56%] Built target nodes_pkg_generate_messages_lisp
[ 75%] Built target nodes_pkg_generate_messages_eus
[ 87%] Built target lognode
[100%] Built target interface
[100%] Built target nodes_pkg_generate_messages
