Symlinking /home/eduponz/RobotProgramming/devel/share/common-lisp/ros/nodes_pkg/msg/_package_PointStamped.lisp
Symlinking /home/eduponz/RobotProgramming/devel/share/common-lisp/ros/nodes_pkg/msg/nodes_pkg-msg.asd
Symlinking /home/eduponz/RobotProgramming/devel/share/common-lisp/ros/nodes_pkg/msg/Point.lisp
Symlinking /home/eduponz/RobotProgramming/devel/share/common-lisp/ros/nodes_pkg/msg/PointStamped.lisp
Symlinking /home/eduponz/RobotProgramming/devel/share/common-lisp/ros/nodes_pkg/msg/_package.lisp
Symlinking /home/eduponz/RobotProgramming/devel/share/common-lisp/ros/nodes_pkg/msg/_package_Point.lisp
Linked: (/home/eduponz/RobotProgramming/devel/.private/nodes_pkg/share/nodes_pkg/cmake/nodes_pkgConfig.cmake, /home/eduponz/RobotProgramming/devel/share/nodes_pkg/cmake/nodes_pkgConfig.cmake)
Symlinking /home/eduponz/RobotProgramming/devel/share/nodes_pkg/cmake/nodes_pkg-msg-paths.cmake
Symlinking /home/eduponz/RobotProgramming/devel/share/nodes_pkg/cmake/nodes_pkg-msg-extras.cmake
Linked: (/home/eduponz/RobotProgramming/devel/.private/nodes_pkg/share/nodes_pkg/cmake/nodes_pkgConfig-version.cmake, /home/eduponz/RobotProgramming/devel/share/nodes_pkg/cmake/nodes_pkgConfig-version.cmake)
Symlinking /home/eduponz/RobotProgramming/devel/share/gennodejs/ros/nodes_pkg/find.js
Symlinking /home/eduponz/RobotProgramming/devel/share/gennodejs/ros/nodes_pkg/base_deserialize.js
Symlinking /home/eduponz/RobotProgramming/devel/share/gennodejs/ros/nodes_pkg/_index.js
Symlinking /home/eduponz/RobotProgramming/devel/share/gennodejs/ros/nodes_pkg/base_serialize.js
Symlinking /home/eduponz/RobotProgramming/devel/share/gennodejs/ros/nodes_pkg/msg/_index.js
Symlinking /home/eduponz/RobotProgramming/devel/share/gennodejs/ros/nodes_pkg/msg/PointStamped.js
Symlinking /home/eduponz/RobotProgramming/devel/share/gennodejs/ros/nodes_pkg/msg/Point.js
Symlinking /home/eduponz/RobotProgramming/devel/share/roseus/ros/nodes_pkg/manifest.l
Symlinking /home/eduponz/RobotProgramming/devel/share/roseus/ros/nodes_pkg/msg/PointStamped.l
Symlinking /home/eduponz/RobotProgramming/devel/share/roseus/ros/nodes_pkg/msg/Point.l
Linked: (/home/eduponz/RobotProgramming/devel/.private/nodes_pkg/lib/pkgconfig/nodes_pkg.pc, /home/eduponz/RobotProgramming/devel/lib/pkgconfig/nodes_pkg.pc)
Symlinking /home/eduponz/RobotProgramming/devel/lib/nodes_pkg/interface
Symlinking /home/eduponz/RobotProgramming/devel/lib/nodes_pkg/lognode
Symlinking /home/eduponz/RobotProgramming/devel/lib/python2.7/dist-packages/nodes_pkg/__init__.py
Symlinking /home/eduponz/RobotProgramming/devel/lib/python2.7/dist-packages/nodes_pkg/msg/__init__.py
Symlinking /home/eduponz/RobotProgramming/devel/lib/python2.7/dist-packages/nodes_pkg/msg/_PointStamped.py
Symlinking /home/eduponz/RobotProgramming/devel/lib/python2.7/dist-packages/nodes_pkg/msg/_Point.py
Symlinking /home/eduponz/RobotProgramming/devel/include/nodes_pkg/Point.h
Symlinking /home/eduponz/RobotProgramming/devel/include/nodes_pkg/PointStamped.h
