[  0%] Built target std_msgs_generate_messages_py
[  0%] Built target geometry_msgs_generate_messages_py
[  0%] Built target _nodes_pkg_generate_messages_check_deps_Point
[  0%] Built target geometry_msgs_generate_messages_nodejs
[  0%] Built target _nodes_pkg_generate_messages_check_deps_PointStamped
[  0%] Built target std_msgs_generate_messages_nodejs
[  0%] Built target std_msgs_generate_messages_cpp
[  0%] Built target geometry_msgs_generate_messages_cpp
[  0%] Built target std_msgs_generate_messages_lisp
[  0%] Built target geometry_msgs_generate_messages_lisp
[  0%] Built target std_msgs_generate_messages_eus
[  0%] Built target geometry_msgs_generate_messages_eus
[ 18%] Built target nodes_pkg_generate_messages_py
[ 31%] Built target nodes_pkg_generate_messages_nodejs
[ 43%] Built target nodes_pkg_generate_messages_cpp
[ 56%] Built target nodes_pkg_generate_messages_lisp
[ 75%] Built target nodes_pkg_generate_messages_eus
[35m[1mScanning dependencies of target lognode[0m
[35m[1mScanning dependencies of target interface[0m
[ 81%] [32mBuilding CXX object CMakeFiles/lognode.dir/src/lognode.cpp.o[0m
[ 87%] [32mBuilding CXX object CMakeFiles/interface.dir/src/interface.cpp.o[0m
[01m[K/home/eduponz/RobotProgramming/src/nodes_pkg/src/interface.cpp:28:25:[m[K [01;35m[Kwarning: [m[Knon-static data member initializers only available with -std=c++11 or -std=gnu++11
     float receivingx = -4.61;
[01;32m[K                         ^[m[K
[01m[K/home/eduponz/RobotProgramming/src/nodes_pkg/src/interface.cpp:29:25:[m[K [01;35m[Kwarning: [m[Knon-static data member initializers only available with -std=c++11 or -std=gnu++11
     float receivingy = -0.0485;
[01;32m[K                         ^[m[K
[01m[K/home/eduponz/RobotProgramming/src/nodes_pkg/src/interface.cpp:30:24:[m[K [01;35m[Kwarning: [m[Knon-static data member initializers only available with -std=c++11 or -std=gnu++11
     float receivingd = 150;
[01;32m[K                        ^[m[K
[01m[K/home/eduponz/RobotProgramming/src/nodes_pkg/src/interface.cpp:32:24:[m[K [01;35m[Kwarning: [m[Knon-static data member initializers only available with -std=c++11 or -std=gnu++11
     float shippingx = -3.94;
[01;32m[K                        ^[m[K
[01m[K/home/eduponz/RobotProgramming/src/nodes_pkg/src/interface.cpp:33:23:[m[K [01;35m[Kwarning: [m[Knon-static data member initializers only available with -std=c++11 or -std=gnu++11
     float shippingy = 1.25;
[01;32m[K                       ^[m[K
[01m[K/home/eduponz/RobotProgramming/src/nodes_pkg/src/interface.cpp:34:23:[m[K [01;35m[Kwarning: [m[Knon-static data member initializers only available with -std=c++11 or -std=gnu++11
     float shippingd = 150;
[01;32m[K                       ^[m[K
[01m[K/home/eduponz/RobotProgramming/src/nodes_pkg/src/interface.cpp:36:23:[m[K [01;35m[Kwarning: [m[Knon-static data member initializers only available with -std=c++11 or -std=gnu++11
     float dockingx = -0.146;
[01;32m[K                       ^[m[K
[01m[K/home/eduponz/RobotProgramming/src/nodes_pkg/src/interface.cpp:37:22:[m[K [01;35m[Kwarning: [m[Knon-static data member initializers only available with -std=c++11 or -std=gnu++11
     float dockingy = 0.247;
[01;32m[K                      ^[m[K
[01m[K/home/eduponz/RobotProgramming/src/nodes_pkg/src/interface.cpp:38:22:[m[K [01;35m[Kwarning: [m[Knon-static data member initializers only available with -std=c++11 or -std=gnu++11
     float dockingd = 60;
[01;32m[K                      ^[m[K
[01m[K/home/eduponz/RobotProgramming/src/nodes_pkg/src/interface.cpp:40:24:[m[K [01;35m[Kwarning: [m[Knon-static data member initializers only available with -std=c++11 or -std=gnu++11
     int robot_choice = 0;
[01;32m[K                        ^[m[K
[ 93%] [32m[1mLinking CXX executable /home/eduponz/RobotProgramming/devel/.private/nodes_pkg/lib/nodes_pkg/interface[0m
[100%] [32m[1mLinking CXX executable /home/eduponz/RobotProgramming/devel/.private/nodes_pkg/lib/nodes_pkg/lognode[0m
[100%] Built target lognode
[100%] Built target interface
[100%] Built target nodes_pkg_generate_messages
