[  0%] Built target std_msgs_generate_messages_py
[  0%] Built target geometry_msgs_generate_messages_py
[  0%] Built target _nodes_pkg_generate_messages_check_deps_Point
[  0%] Built target geometry_msgs_generate_messages_nodejs
[  0%] Built target _nodes_pkg_generate_messages_check_deps_PointStamped
[  0%] Built target std_msgs_generate_messages_nodejs
[  0%] Built target std_msgs_generate_messages_cpp
[  0%] Built target geometry_msgs_generate_messages_cpp
[  0%] Built target std_msgs_generate_messages_lisp
[  0%] Built target geometry_msgs_generate_messages_lisp
[  0%] Built target std_msgs_generate_messages_eus
[  0%] Built target geometry_msgs_generate_messages_eus
[ 18%] Built target nodes_pkg_generate_messages_py
[ 31%] Built target nodes_pkg_generate_messages_nodejs
[ 43%] Built target nodes_pkg_generate_messages_cpp
[ 56%] Built target nodes_pkg_generate_messages_lisp
[ 75%] Built target nodes_pkg_generate_messages_eus
[35m[1mScanning dependencies of target lognode[0m
[ 81%] [32mBuilding CXX object CMakeFiles/lognode.dir/src/lognode.cpp.o[0m
[ 93%] Built target interface
[ 93%] Built target nodes_pkg_generate_messages
[100%] [32m[1mLinking CXX executable /home/eduponz/RobotProgramming/devel/.private/nodes_pkg/lib/nodes_pkg/lognode[0m
[100%] Built target lognode
