[36m--[0m Using CATKIN_DEVEL_PREFIX: /home/eduponz/RobotProgramming/devel/.private/nodes_pkg
[36m--[0m Using CMAKE_PREFIX_PATH: /home/eduponz/RobotProgramming/devel;/opt/ros/kinetic
[36m--[0m This workspace overlays: /home/eduponz/RobotProgramming/devel;/opt/ros/kinetic
[36m--[0m Using PYTHON_EXECUTABLE: /usr/bin/python
[36m--[0m Using Debian Python package layout
[36m--[0m Using empy: /usr/bin/empy
[36m--[0m Using CATKIN_ENABLE_TESTING: ON
[36m--[0m Call enable_testing()
[36m--[0m Using CATKIN_TEST_RESULTS_DIR: /home/eduponz/RobotProgramming/build/nodes_pkg/test_results
[36m--[0m Found gtest sources under '/usr/src/gtest': gtests will be built
[36m--[0m Using Python nosetests: /usr/bin/nosetests-2.7
[36m--[0m catkin 0.7.4
[36m--[0m Using these message generators: gencpp;geneus;genlisp;gennodejs;genpy
[31m[1mCMake Error[0m at /opt/ros/kinetic/share/catkin/cmake/assert.cmake:20 (message):


  Assertion failed: file
  '/home/eduponz/RobotProgramming/src/nodes_pkg/msg/Num.msg' does not exist.
  Message: message file not found

[36mCall Stack (most recent call first):[0m
  /opt/ros/kinetic/share/genmsg/cmake/genmsg-extras.cmake:113 (assert_file_exists)
  CMakeLists.txt:16 (add_message_files)


[36m--[0m Configuring incomplete, errors occurred!
See also "/home/eduponz/RobotProgramming/build/nodes_pkg/CMakeFiles/CMakeOutput.log".
See also "/home/eduponz/RobotProgramming/build/nodes_pkg/CMakeFiles/CMakeError.log".
Makefile:812: recipe for target 'cmake_check_build_system' failed
make: *** [cmake_check_build_system] Error 1
